<?xml version="1.0" encoding="UTF-8"?>
<!-- Generated by org.testng.reporters.JUnitReportReporter -->
<testsuite skipped="0" hostname="DESKTOP-08J39R4" name="webelements.Element" tests="1" failures="0" timestamp="26 Jun 2018 23:41:09 GMT" time="1.286" errors="0">
  <testcase name="test1" time="1.286" classname="webelements.Element"/>
</testsuite> <!-- webelements.Element -->
