<?xml version="1.0" encoding="UTF-8"?>
<!-- Generated by org.testng.reporters.JUnitReportReporter -->
<testsuite skipped="0" hostname="DESKTOP-08J39R4" name="webelements.WebElements" tests="1" failures="0" timestamp="27 Jun 2018 23:00:19 GMT" time="12.053" errors="0">
  <testcase name="SeleniumForm" time="12.053" classname="webelements.WebElements"/>
</testsuite> <!-- webelements.WebElements -->
